<?xml version="1.0" encoding="UTF-8"?>
<testng-results ignored="0" total="4" passed="4" failed="0" skipped="0">
  <reporter-output>
  </reporter-output>
  <suite started-at="2022-09-12T08:04:27Z" name="Suite" finished-at="2022-09-12T08:04:45Z" duration-ms="17912">
    <groups>
    </groups>
    <test started-at="2022-09-12T08:04:27Z" name="Test" finished-at="2022-09-12T08:04:45Z" duration-ms="17912">
      <class name="TestCase.TestCase">
        <test-method is-config="true" signature="timeStamp()[pri:0, instance:TestCase.TestCase@5609159b]" started-at="2022-09-12T08:04:27Z" name="timeStamp" finished-at="2022-09-12T08:04:27Z" duration-ms="71" status="PASS">
          <reporter-output>
          </reporter-output>
        </test-method> <!-- timeStamp -->
        <test-method is-config="true" signature="driverIni()[pri:0, instance:TestCase.TestCase@5609159b]" started-at="2022-09-12T08:04:27Z" name="driverIni" finished-at="2022-09-12T08:04:29Z" duration-ms="2428" status="PASS">
          <reporter-output>
          </reporter-output>
        </test-method> <!-- driverIni -->
        <test-method is-config="true" signature="login()[pri:0, instance:TestCase.TestCase@5609159b]" started-at="2022-09-12T08:04:29Z" name="login" finished-at="2022-09-12T08:04:34Z" duration-ms="4523" status="PASS">
          <reporter-output>
          </reporter-output>
        </test-method> <!-- login -->
        <test-method signature="searchHotel()[pri:0, instance:TestCase.TestCase@5609159b]" started-at="2022-09-12T08:04:34Z" name="searchHotel" finished-at="2022-09-12T08:04:35Z" duration-ms="1335" status="PASS">
          <reporter-output>
          </reporter-output>
        </test-method> <!-- searchHotel -->
        <test-method signature="selectHotel()[pri:1, instance:TestCase.TestCase@5609159b]" started-at="2022-09-12T08:04:35Z" name="selectHotel" finished-at="2022-09-12T08:04:36Z" duration-ms="928" status="PASS">
          <reporter-output>
          </reporter-output>
        </test-method> <!-- selectHotel -->
        <test-method signature="bookAHotel()[pri:2, instance:TestCase.TestCase@5609159b]" started-at="2022-09-12T08:04:36Z" name="bookAHotel" finished-at="2022-09-12T08:04:37Z" duration-ms="1483" status="PASS">
          <reporter-output>
          </reporter-output>
        </test-method> <!-- bookAHotel -->
        <test-method signature="printOrderNo()[pri:3, instance:TestCase.TestCase@5609159b]" started-at="2022-09-12T08:04:37Z" name="printOrderNo" finished-at="2022-09-12T08:04:45Z" duration-ms="7037" status="PASS">
          <reporter-output>
          </reporter-output>
        </test-method> <!-- printOrderNo -->
        <test-method is-config="true" signature="driverClose()[pri:0, instance:TestCase.TestCase@5609159b]" started-at="2022-09-12T08:04:45Z" name="driverClose" finished-at="2022-09-12T08:04:45Z" duration-ms="122" status="PASS">
          <reporter-output>
          </reporter-output>
        </test-method> <!-- driverClose -->
        <test-method is-config="true" signature="timeStamp01()[pri:0, instance:TestCase.TestCase@5609159b]" started-at="2022-09-12T08:04:45Z" name="timeStamp01" finished-at="2022-09-12T08:04:45Z" duration-ms="2" status="PASS">
          <reporter-output>
          </reporter-output>
        </test-method> <!-- timeStamp01 -->
      </class> <!-- TestCase.TestCase -->
    </test> <!-- Test -->
  </suite> <!-- Suite -->
</testng-results>
